<?xml version="1.0" encoding="UTF-8"?>
<testng-results ignored="0" total="1" passed="1" failed="0" skipped="0">
  <reporter-output>
  </reporter-output>
  <suite started-at="2023-10-06T11:33:49 IST" name="Default suite" finished-at="2023-10-06T11:33:53 IST" duration-ms="4686">
    <groups>
    </groups>
    <test started-at="2023-10-06T11:33:49 IST" name="Default test" finished-at="2023-10-06T11:33:53 IST" duration-ms="4686">
      <class name="curriculum.ictk.scripts.TestAdmin">
        <test-method is-config="true" signature="initialization()[pri:0, instance:curriculum.ictk.scripts.TestAdmin@13c9d689]" started-at="2023-10-06T11:33:16 IST" name="initialization" finished-at="2023-10-06T11:33:49 IST" duration-ms="32495" status="PASS">
          <reporter-output>
          </reporter-output>
        </test-method> <!-- initialization -->
        <test-method signature="verifyValidLogin()[pri:0, instance:curriculum.ictk.scripts.TestAdmin@13c9d689]" started-at="2023-10-06T11:33:49 IST" name="verifyValidLogin" finished-at="2023-10-06T11:33:53 IST" duration-ms="4596" status="PASS">
          <reporter-output>
          </reporter-output>
        </test-method> <!-- verifyValidLogin -->
      </class> <!-- curriculum.ictk.scripts.TestAdmin -->
    </test> <!-- Default test -->
  </suite> <!-- Default suite -->
</testng-results>
