<?xml version="1.0" encoding="UTF-8"?>
<!-- Generated by org.testng.reporters.JUnitXMLReporter -->
<testsuite ignored="4" hostname="DESKTOP-JT1L468" failures="0" tests="1" name="Default test" time="4.686" errors="0" timestamp="2023-10-06T11:33:53 IST">
  <testcase classname="curriculum.ictk.scripts.TestAdmin" name="verifyValidLogin" time="4.596"/>
  <testcase classname="curriculum.ictk.scripts.TestAdmin" name="verifyInValidLoginwithInvalidemail" time="0.0">
    <ignored/>
  </testcase> <!-- verifyInValidLoginwithInvalidemail -->
  <testcase classname="curriculum.ictk.scripts.TestAdmin" name="verifyInValidLoginwithInvalidpasswordandemail" time="0.0">
    <ignored/>
  </testcase> <!-- verifyInValidLoginwithInvalidpasswordandemail -->
  <testcase classname="curriculum.ictk.scripts.TestAdmin" name="verifyInValidLoginwithemptypasswordandemail" time="0.0">
    <ignored/>
  </testcase> <!-- verifyInValidLoginwithemptypasswordandemail -->
  <testcase classname="curriculum.ictk.scripts.TestAdmin" name="verifyInValidLoginwithInvalidpassword" time="0.0">
    <ignored/>
  </testcase> <!-- verifyInValidLoginwithInvalidpassword -->
</testsuite> <!-- Default test -->
